  PluginProcessor.cpp
  PluginEditor.cpp
  include_juce_audio_basics.cpp
  include_juce_audio_devices.cpp
  include_juce_audio_formats.cpp
  include_juce_audio_plugin_client_ARA.cpp
  include_juce_audio_processors_ara.cpp
  include_juce_audio_processors_lv2_libs.cpp
  include_juce_audio_utils.cpp
  include_juce_core_CompilationTime.cpp
  include_juce_data_structures.cpp
  include_juce_events.cpp
  include_juce_graphics_Harfbuzz.cpp
  include_juce_gui_extra.cpp
C:\Users\alas\source\repos\lakeview\lakeview\Source\PluginProcessor.cpp(80,53): warning C4100: 'index': parámetro formal sin referencia
C:\Users\alas\source\repos\lakeview\lakeview\Source\PluginProcessor.cpp(84,64): warning C4100: 'index': parámetro formal sin referencia
C:\Users\alas\source\repos\lakeview\lakeview\Source\PluginProcessor.cpp(89,80): warning C4100: 'newName': parámetro formal sin referencia
C:\Users\alas\source\repos\lakeview\lakeview\Source\PluginProcessor.cpp(89,53): warning C4100: 'index': parámetro formal sin referencia
C:\Users\alas\source\repos\lakeview\lakeview\Source\PluginProcessor.cpp(94,68): warning C4100: 'samplesPerBlock': parámetro formal sin referencia
C:\Users\alas\source\repos\lakeview\lakeview\Source\PluginProcessor.cpp(94,52): warning C4100: 'sampleRate': parámetro formal sin referencia
C:\Users\alas\source\repos\lakeview\lakeview\Source\PluginProcessor.cpp(132,96): warning C4100: 'midiMessages': parámetro formal sin referencia
C:\Users\alas\source\repos\lakeview\lakeview\Source\PluginProcessor.cpp(155,15): warning C4189: 'channelData': la variable local se ha inicializado pero no se hace referencia a ella
C:\Users\alas\source\repos\lakeview\lakeview\Source\PluginProcessor.cpp(173,70): warning C4100: 'destData': parámetro formal sin referencia
C:\Users\alas\source\repos\lakeview\lakeview\Source\PluginProcessor.cpp(180,73): warning C4100: 'sizeInBytes': parámetro formal sin referencia
C:\Users\alas\source\repos\lakeview\lakeview\Source\PluginProcessor.cpp(180,63): warning C4100: 'data': parámetro formal sin referencia
  include_juce_audio_processors.cpp
  include_juce_core.cpp
  include_juce_graphics.cpp
  include_juce_gui_basics.cpp
  include_juce_graphics_Sheenbidi.c
  lakeview_SharedCode.vcxproj -> C:\Users\alas\source\repos\lakeview\lakeview\Builds\VisualStudio2022\x64\Debug\Shared Code\lakeview.lib
